---------------------------------------------------------------
[2019-11-12T17:03:57+08:00] ::1 POST localhost:200/api/agent/lists
[ error ] [400]
---------------------------------------------------------------
[2019-11-12T17:04:31+08:00] ::1 POST localhost:200/api/agent/lists
[ error ] [400]
---------------------------------------------------------------
[2019-11-12T17:04:41+08:00] ::1 POST localhost:200/api/agent/lists
[ error ] [-1]
---------------------------------------------------------------
[2019-11-12T17:05:04+08:00] ::1 POST localhost:200/api/agent/lists
[ error ] [-1]
---------------------------------------------------------------
[2019-11-12T17:05:04+08:00] ::1 POST localhost:200/api/agent/lists
[ error ] [-1]
---------------------------------------------------------------
[2019-11-12T17:05:05+08:00] ::1 POST localhost:200/api/agent/lists
[ error ] [-1]
---------------------------------------------------------------
[2019-11-12T17:05:05+08:00] ::1 POST localhost:200/api/agent/lists
[ error ] [-1]
---------------------------------------------------------------
[2019-11-12T17:05:05+08:00] ::1 POST localhost:200/api/agent/lists
[ error ] [-1]
---------------------------------------------------------------
[2019-11-12T17:05:05+08:00] ::1 POST localhost:200/api/agent/lists
[ error ] [-1]
---------------------------------------------------------------
[2019-11-12T17:05:05+08:00] ::1 POST localhost:200/api/agent/lists
[ error ] [-1]
---------------------------------------------------------------
[2019-11-12T17:05:05+08:00] ::1 POST localhost:200/api/agent/lists
[ error ] [-1]
---------------------------------------------------------------
[2019-11-12T17:05:06+08:00] ::1 POST localhost:200/api/agent/lists
[ error ] [-1]
---------------------------------------------------------------
[2019-11-12T17:05:06+08:00] ::1 POST localhost:200/api/agent/lists
[ error ] [-1]
---------------------------------------------------------------
[2019-11-12T17:05:06+08:00] ::1 POST localhost:200/api/agent/lists
[ error ] [-1]
---------------------------------------------------------------
[2019-11-12T17:05:07+08:00] ::1 POST localhost:200/api/agent/lists
[ error ] [-1]
---------------------------------------------------------------
[2019-11-12T17:05:07+08:00] ::1 POST localhost:200/api/agent/lists
[ error ] [-1]
---------------------------------------------------------------
[2019-11-12T17:05:07+08:00] ::1 POST localhost:200/api/agent/lists
[ error ] [-1]
---------------------------------------------------------------
[2019-11-12T17:05:07+08:00] ::1 POST localhost:200/api/agent/lists
[ error ] [-1]
---------------------------------------------------------------
[2019-11-12T17:05:07+08:00] ::1 POST localhost:200/api/agent/lists
[ error ] [-1]
---------------------------------------------------------------
[2019-11-12T17:05:07+08:00] ::1 POST localhost:200/api/agent/lists
[ error ] [-1]
---------------------------------------------------------------
[2019-11-12T17:05:10+08:00] ::1 POST localhost:200/api/agent/lists
[ error ] [-1]
---------------------------------------------------------------
[2019-11-12T17:07:24+08:00] ::1 POST localhost:200/index.php?s=/api/agent/list.html
[ error ] [-1]
---------------------------------------------------------------
[2019-11-12T17:07:25+08:00] ::1 POST localhost:200/index.php?s=/api/agent/list.html
[ error ] [-1]
---------------------------------------------------------------
[2019-11-12T17:07:26+08:00] ::1 POST localhost:200/index.php?s=/api/agent/list.html
[ error ] [-1]
---------------------------------------------------------------
[2019-11-12T17:07:31+08:00] ::1 POST localhost:200/index.php?s=/api/agent/list
[ error ] [-1]
---------------------------------------------------------------
[2019-11-12T17:07:32+08:00] ::1 POST localhost:200/index.php?s=/api/agent/list
[ error ] [-1]
---------------------------------------------------------------
[2019-11-12T17:07:33+08:00] ::1 POST localhost:200/index.php?s=/api/agent/list
[ error ] [-1]
---------------------------------------------------------------
[2019-11-12T17:08:23+08:00] ::1 POST localhost:200/index.php?s=/api/agent/lists
[ error ] [-1]
---------------------------------------------------------------
[2019-11-12T17:10:41+08:00] ::1 POST localhost:200/api/agent/lists
[ error ] [-1]
---------------------------------------------------------------
[2019-11-12T17:11:14+08:00] ::1 GET localhost:200/api/agent/lists
[ error ] [400]
---------------------------------------------------------------
[2019-11-12T17:11:33+08:00] ::1 POST localhost:200/api/agent/lists
[ error ] [400]
---------------------------------------------------------------
[2019-11-12T17:11:46+08:00] ::1 POST localhost:200//api/agent/lists
[ error ] [400]
---------------------------------------------------------------
[2019-11-12T17:11:47+08:00] ::1 POST localhost:200//api/agent/lists
[ error ] [400]
---------------------------------------------------------------
[2019-11-12T17:12:26+08:00] ::1 POST localhost:200//api/agent/lists
[ error ] [400]
---------------------------------------------------------------
[2019-11-12T17:12:35+08:00] ::1 POST localhost:200//api/agent/lists
[ error ] [400]
---------------------------------------------------------------
[2019-11-12T17:12:37+08:00] ::1 POST localhost:200//api/agent/lists
[ error ] [-1]
---------------------------------------------------------------
[2019-11-12T17:13:08+08:00] ::1 GET localhost:200/api/agent/lists?app_id=10001
[ error ] [-1]
---------------------------------------------------------------
[2019-11-12T17:23:54+08:00] ::1 POST localhost:200//api/agent/lists
[ error ] [-1]
---------------------------------------------------------------
[2019-11-12T19:07:54+08:00] ::1 POST localhost:200//api/agent/lists
[ error ] [-1]
