---------------------------------------------------------------
[2019-11-15T13:43:06+08:00] ::1 POST localhost:200/api/agent/lists
[ error ] [400]
---------------------------------------------------------------
[2019-11-15T13:45:58+08:00] ::1 POST localhost:200/api/agent/lists
[ error ] [-1]
---------------------------------------------------------------
[2019-11-15T13:49:15+08:00] ::1 POST localhost:200/api/agent/lists
[ error ] [-1]
---------------------------------------------------------------
[2019-11-15T13:49:19+08:00] ::1 POST localhost:200/api/agent/lists
[ error ] [-1]
---------------------------------------------------------------
[2019-11-15T13:49:21+08:00] ::1 POST localhost:200/api/agent/lists
[ error ] [-1]
---------------------------------------------------------------
[2019-11-15T13:49:22+08:00] ::1 POST localhost:200/api/agent/lists
[ error ] [-1]
---------------------------------------------------------------
[2019-11-15T13:49:22+08:00] ::1 POST localhost:200/api/agent/lists
[ error ] [-1]
---------------------------------------------------------------
[2019-11-15T13:49:23+08:00] ::1 POST localhost:200/api/agent/lists
[ error ] [-1]
---------------------------------------------------------------
[2019-11-15T13:49:23+08:00] ::1 POST localhost:200/api/agent/lists
[ error ] [-1]
---------------------------------------------------------------
[2019-11-15T15:24:06+08:00] ::1 POST localhost:200/api/agent/tasks
[ error ] [-1]
---------------------------------------------------------------
[2019-11-15T15:24:21+08:00] ::1 POST localhost:200/api/agent/tasks
[ error ] [-1]
